# JRE version: OpenJDK Runtime Environment (17.0.6) (build 17.0.6+0-b2043.56-10027231)
# Java VM: OpenJDK 64-Bit Server VM (17.0.6+0-b2043.56-10027231, mixed mode, tiered, compressed oops, compressed class ptrs, g1 gc, windows-amd64)
GC Precious Log:
 CPUs: 8 total, 8 available
 Memory: 7103M
 Large Page Support: Disabled
 NUMA Support: Disabled
 Compressed Oops: Enabled (32-bit)
 Heap Region Size: 1M
 Heap Min Capacity: 8M
 Heap Initial Capacity: 112M
 Heap Max Capacity: 2G
 Pre-touch: Disabled
 Parallel Workers: 8
 Concurrent Workers: 2
 Concurrent Refinement Workers: 8
 Periodic GC: Disabled
Heap:
 garbage-first heap   total 275456K, used 124160K [0x0000000080000000, 0x0000000100000000)
  region size 1024K, 3 young (3072K), 3 survivors (3072K)
 Metaspace       used 145135K, committed 145984K, reserved 1179648K
  class space    used 19515K, committed 19904K, reserved 1048576K
GC Heap History (20 events):
Event: 3425.622 GC heap after
{Heap after GC invocations=58 (full 0):
 garbage-first heap   total 252928K, used 139686K [0x0000000080000000, 0x0000000100000000)
  region size 1024K, 5 young (5120K), 5 survivors (5120K)
 Metaspace       used 111706K, committed 112512K, reserved 1155072K
  class space    used 14596K, committed 15040K, reserved 1048576K
}
Event: 3426.884 GC heap before
{Heap before GC invocations=58 (full 0):
 garbage-first heap   total 252928K, used 193958K [0x0000000080000000, 0x0000000100000000)
  region size 1024K, 58 young (59392K), 5 survivors (5120K)
 Metaspace       used 115215K, committed 116032K, reserved 1155072K
  class space    used 14934K, committed 15360K, reserved 1048576K
}
Event: 3426.896 GC heap after
{Heap after GC invocations=59 (full 0):
 garbage-first heap   total 252928K, used 143677K [0x0000000080000000, 0x0000000100000000)
  region size 1024K, 5 young (5120K), 5 survivors (5120K)
 Metaspace       used 115215K, committed 116032K, reserved 1155072K
  class space    used 14934K, committed 15360K, reserved 1048576K
}
Event: 3429.963 GC heap before
{Heap before GC invocations=59 (full 0):
 garbage-first heap   total 252928K, used 195901K [0x0000000080000000, 0x0000000100000000)
  region size 1024K, 57 young (58368K), 5 survivors (5120K)
 Metaspace       used 116424K, committed 117248K, reserved 1155072K
  class space    used 15074K, committed 15488K, reserved 1048576K
}
Event: 3429.973 GC heap after
{Heap after GC invocations=60 (full 0):
 garbage-first heap   total 252928K, used 145284K [0x0000000080000000, 0x0000000100000000)
  region size 1024K, 6 young (6144K), 6 survivors (6144K)
 Metaspace       used 116424K, committed 117248K, reserved 1155072K
  class space    used 15074K, committed 15488K, reserved 1048576K
}
Event: 3431.342 GC heap before
{Heap before GC invocations=60 (full 0):
 garbage-first heap   total 252928K, used 201604K [0x0000000080000000, 0x0000000100000000)
  region size 1024K, 60 young (61440K), 6 survivors (6144K)
 Metaspace       used 123786K, committed 124672K, reserved 1163264K
  class space    used 16009K, committed 16448K, reserved 1048576K
}
Event: 3431.355 GC heap after
{Heap after GC invocations=61 (full 0):
 garbage-first heap   total 252928K, used 154522K [0x0000000080000000, 0x0000000100000000)
  region size 1024K, 8 young (8192K), 8 survivors (8192K)
 Metaspace       used 123786K, committed 124672K, reserved 1163264K
  class space    used 16009K, committed 16448K, reserved 1048576K
}
Event: 3432.767 GC heap before
{Heap before GC invocations=61 (full 0):
 garbage-first heap   total 252928K, used 203674K [0x0000000080000000, 0x0000000100000000)
  region size 1024K, 57 young (58368K), 8 survivors (8192K)
 Metaspace       used 126177K, committed 127040K, reserved 1163264K
  class space    used 16303K, committed 16704K, reserved 1048576K
}
Event: 3432.773 GC heap after
{Heap after GC invocations=62 (full 0):
 garbage-first heap   total 252928K, used 152344K [0x0000000080000000, 0x0000000100000000)
  region size 1024K, 2 young (2048K), 2 survivors (2048K)
 Metaspace       used 126177K, committed 127040K, reserved 1163264K
  class space    used 16303K, committed 16704K, reserved 1048576K
}
Event: 3433.855 GC heap before
{Heap before GC invocations=62 (full 0):
 garbage-first heap   total 252928K, used 207640K [0x0000000080000000, 0x0000000100000000)
  region size 1024K, 55 young (56320K), 2 survivors (2048K)
 Metaspace       used 132019K, committed 132864K, reserved 1171456K
  class space    used 17202K, committed 17600K, reserved 1048576K
}
Event: 3433.869 GC heap after
{Heap after GC invocations=63 (full 0):
 garbage-first heap   total 252928K, used 160439K [0x0000000080000000, 0x0000000100000000)
  region size 1024K, 7 young (7168K), 7 survivors (7168K)
 Metaspace       used 132019K, committed 132864K, reserved 1171456K
  class space    used 17202K, committed 17600K, reserved 1048576K
}
Event: 3434.522 GC heap before
{Heap before GC invocations=63 (full 0):
 garbage-first heap   total 252928K, used 202423K [0x0000000080000000, 0x0000000100000000)
  region size 1024K, 50 young (51200K), 7 survivors (7168K)
 Metaspace       used 139283K, committed 140160K, reserved 1171456K
  class space    used 18512K, committed 18880K, reserved 1048576K
}
Event: 3434.535 GC heap after
{Heap after GC invocations=64 (full 0):
 garbage-first heap   total 252928K, used 164432K [0x0000000080000000, 0x0000000100000000)
  region size 1024K, 4 young (4096K), 4 survivors (4096K)
 Metaspace       used 139283K, committed 140160K, reserved 1171456K
  class space    used 18512K, committed 18880K, reserved 1048576K
}
Event: 3435.482 GC heap before
{Heap before GC invocations=65 (full 0):
 garbage-first heap   total 275456K, used 197200K [0x0000000080000000, 0x0000000100000000)
  region size 1024K, 46 young (47104K), 4 survivors (4096K)
 Metaspace       used 142152K, committed 142912K, reserved 1179648K
  class space    used 18976K, committed 19328K, reserved 1048576K
}
Event: 3435.492 GC heap after
{Heap after GC invocations=66 (full 0):
 garbage-first heap   total 275456K, used 154263K [0x0000000080000000, 0x0000000100000000)
  region size 1024K, 2 young (2048K), 2 survivors (2048K)
 Metaspace       used 142152K, committed 142912K, reserved 1179648K
  class space    used 18976K, committed 19328K, reserved 1048576K
}
Event: 3435.611 GC heap before
{Heap before GC invocations=66 (full 0):
 garbage-first heap   total 275456K, used 164503K [0x0000000080000000, 0x0000000100000000)
  region size 1024K, 13 young (13312K), 2 survivors (2048K)
 Metaspace       used 142917K, committed 143744K, reserved 1179648K
  class space    used 19095K, committed 19456K, reserved 1048576K
}
Event: 3435.621 GC heap after
{Heap after GC invocations=67 (full 0):
 garbage-first heap   total 275456K, used 131964K [0x0000000080000000, 0x0000000100000000)
  region size 1024K, 2 young (2048K), 2 survivors (2048K)
 Metaspace       used 142917K, committed 143744K, reserved 1179648K
  class space    used 19095K, committed 19456K, reserved 1048576K
}
Event: 3435.779 GC heap before
{Heap before GC invocations=67 (full 0):
 garbage-first heap   total 275456K, used 142204K [0x0000000080000000, 0x0000000100000000)
  region size 1024K, 14 young (14336K), 2 survivors (2048K)
 Metaspace       used 143196K, committed 144000K, reserved 1179648K
  class space    used 19142K, committed 19520K, reserved 1048576K
}
Event: 3435.808 GC heap after
{Heap after GC invocations=68 (full 0):
 garbage-first heap   total 275456K, used 123189K [0x0000000080000000, 0x0000000100000000)
  region size 1024K, 2 young (2048K), 2 survivors (2048K)
 Metaspace       used 143196K, committed 144000K, reserved 1179648K
  class space    used 19142K, committed 19520K, reserved 1048576K
}
Event: 4285.286 GC heap before
{Heap before GC invocations=68 (full 0):
 garbage-first heap   total 275456K, used 233781K [0x0000000080000000, 0x0000000100000000)
  region size 1024K, 92 young (94208K), 2 survivors (2048K)
 Metaspace       used 145135K, committed 145984K, reserved 1179648K
  class space    used 19515K, committed 19904K, reserved 1048576K
}

